<?xml version="1.0" encoding="UTF-8"?>
<testng-results skipped="0" failed="0" ignored="0" total="1" passed="1">
  <reporter-output>
  </reporter-output>
  <suite name="Default suite" duration-ms="7028" started-at="2021-05-29T09:59:17Z" finished-at="2021-05-29T09:59:24Z">
    <groups>
    </groups>
    <test name="Default test" duration-ms="7028" started-at="2021-05-29T09:59:17Z" finished-at="2021-05-29T09:59:24Z">
      <class name="basic.GetChangeRequestwithJsonParse">
        <test-method status="PASS" signature="getChange()[pri:0, instance:basic.GetChangeRequestwithJsonParse@bd1b6a]" name="getChange" duration-ms="6997" started-at="2021-05-29T15:29:17Z" finished-at="2021-05-29T15:29:24Z">
          <reporter-output>
          </reporter-output>
        </test-method> <!-- getChange -->
      </class> <!-- basic.GetChangeRequestwithJsonParse -->
    </test> <!-- Default test -->
  </suite> <!-- Default suite -->
</testng-results>
